[dotenv@17.2.3] injecting env (1) from .env.local -- tip: 🔐 encrypt with Dotenvx: https://dotenvx.com
To process: 310
[1/310] OK   London Borough of Lambeth -> Greater London (51.460, -0.121)
[2/310] OK   Abingdon -> Oxfordshire (51.671, -1.278)
[3/310] OK   Accrington -> Lancashire (53.754, -2.366)
[4/310] OK   Acle -> Norfolk (52.639, 1.548)
[5/310] OK   Addlestone -> Surrey (51.371, -0.490)
[6/310] OK   Alcester -> Warwickshire (52.215, -1.870)
[7/310] OK   Alconbury -> Cambridgeshire (52.358, -0.268)
[8/310] OK   Aldbourne -> Wiltshire (51.484, -1.651)
[9/310] OK   Alderley Edge -> Cheshire East (53.306, -2.238)
[10/310] OK   Aldermaston -> West Berkshire (51.383, -1.152)
[11/310] OK   Aldershot -> Hampshire (51.249, -0.763)
[12/310] OK   Alfreton -> Derbyshire (53.097, -1.390)
[13/310] OK   Almondsbury -> South Gloucestershire (51.554, -2.573)
[14/310] OK   Alnwick -> Northumberland (55.413, -1.707)
[15/310] OK   Alresford -> Hampshire (51.090, -1.163)
[16/310] OK   Alrewas -> Staffordshire (52.732, -1.749)
[17/310] OK   Alton -> Hampshire (51.149, -0.976)
[18/310] OK   Altrincham -> Greater Manchester (53.384, -2.353)
[19/310] OK   Amersham -> Buckinghamshire (51.677, -0.608)
[20/310] OK   Ampthill -> Central Bedfordshire (52.032, -0.493)
[21/310] OK   Andover -> Hampshire (51.208, -1.479)
[22/310] OK   Appley Bridge -> Lancashire (53.579, -2.720)
[23/310] OK   Arundel -> West Sussex (50.855, -0.565)
[24/310] OK   Ascot -> Royal Borough of Windsor and Maidenhead (51.410, -0.668)
[25/310] OK   Ash Vale -> Surrey (51.273, -0.721)
[26/310] OK   Ashbourne -> Derbyshire (53.018, -1.733)
[27/310] OK   Ashby-de-la-Zouch -> Leicestershire (52.747, -1.471)
[28/310] OK   Ashford -> Kent (51.149, 0.872)
[29/310] OK   Ashington -> Northumberland (55.183, -1.570)
[30/310] OK   Aston -> West Midlands (52.507, -1.881)
[31/310] OK   Atherton -> Greater Manchester (53.525, -2.491)
[32/310] OK   Attleborough -> Norfolk (52.518, 1.011)
[33/310] OK   Aveley -> Essex (51.500, 0.256)
[34/310] OK   Avon -> Worcestershire (52.093, -1.940)
[35/310] OK   Aylesbury -> Buckinghamshire (51.816, -0.813)
[36/310] OK   Bagshot -> Surrey (51.361, -0.692)
[37/310] OK   Bakewell -> Derbyshire (53.214, -1.674)
[38/310] OK   Baldock -> Hertfordshire (51.989, -0.188)
[39/310] OK   Banbury -> Oxfordshire (52.060, -1.340)
[40/310] OK   Banstead -> Surrey (51.324, -0.199)
[41/310] OK   Barnsley -> South Yorkshire (53.553, -1.483)
[42/310] OK   Barnstaple -> Devon (51.081, -4.061)
[43/310] OK   Barrow-in-Furness -> Westmorland and Furness (54.129, -3.227)
[44/310] OK   Barton-upon-Humber -> North Lincolnshire (53.686, -0.440)
[45/310] OK   Basildon -> Essex (51.570, 0.458)
[46/310] OK   Basingstoke -> Hampshire (51.263, -1.086)
[47/310] OK   Bath -> Bath and North East Somerset (51.381, -2.360)
[48/310] OK   Batley -> West Yorkshire (53.717, -1.636)
[49/310] OK   Beaconsfield -> Buckinghamshire (51.608, -0.657)
[50/310] OK   Beaminster -> Dorset (50.809, -2.739)
[51/310] OK   Bedford -> Bedford (52.136, -0.468)
[52/310] OK   Beeston -> Cheshire West and Chester (53.124, -2.687)
[53/310] OK   Bellingdon -> Buckinghamshire (51.738, -0.635)
[54/310] OK   North Turton -> Blackburn with Darwen (53.656, -2.446)
[55/310] OK   Belper -> Derbyshire (53.023, -1.479)
[56/310] OK   Berkeley -> Gloucestershire (51.691, -2.459)
[57/310] OK   Berkhamsted -> Hertfordshire (51.761, -0.565)
[58/310] OK   Berwick -> Northumberland (55.769, -2.003)
[59/310] OK   Beverley -> East Riding of Yorkshire (53.843, -0.432)
[60/310] OK   Bicester -> Oxfordshire (51.897, -1.151)
[61/310] OK   Bideford -> Devon (51.019, -4.205)
[62/310] OK   Biggleswade -> Central Bedfordshire (52.088, -0.259)
[63/310] OK   Billericay -> Essex (51.625, 0.417)
[64/310] OK   Billingham -> Stockton-on-Tees (54.607, -1.291)
[65/310] OK   Billingshurst -> West Sussex (51.015, -0.450)
[66/310] OK   Binfield -> Bracknell Forest (51.432, -0.791)
[67/310] OK   Birchwood -> Warrington (53.422, -2.522)
[68/310] OK   Birkenhead -> Liverpool City Region (53.390, -3.025)
[69/310] OK   Birmingham -> West Midlands (52.480, -1.903)
[70/310] OK   Birstall -> West Yorkshire (53.732, -1.660)
[71/310] OK   Bishop Auckland -> County Durham (54.664, -1.675)
[72/310] OK   Bishops Cleeve -> Warwickshire (52.655, -1.567)
[73/310] OK   Bishop'S Stortford -> Hertfordshire (51.868, 0.163)
[74/310] OK   Blaby District -> Leicestershire (52.579, -1.165)
[75/310] OK   Blackburn -> Blackburn with Darwen (53.749, -2.484)
[76/310] OK   Blackheath -> Greater London (51.470, 0.006)
[77/310] OK   Blackpool -> Borough of Blackpool (53.818, -3.051)
[78/310] OK   Bletchley -> Buckinghamshire (51.994, -0.733)
[79/310] OK   Bloxham -> Oxfordshire (52.018, -1.360)
[80/310] OK   Blunham -> Central Bedfordshire (52.146, -0.317)
[81/310] OK   Bodmin -> Cornwall (50.471, -4.724)
[82/310] OK   Bognor Regis -> West Sussex (50.783, -0.673)
[83/310] OK   Bolton -> Greater Manchester (53.578, -2.430)
[84/310] OK   Boothstown -> Greater Manchester (53.503, -2.419)
[85/310] OK   Bootle -> Liverpool City Region (53.451, -2.995)
[86/310] OK   Borehamwood -> Hertfordshire (51.656, -0.276)
[87/310] OK   Boston -> Lincolnshire (52.978, -0.024)
[88/310] OK   Bottisham -> Cambridgeshire (52.224, 0.261)
[89/310] OK   Boughton -> West Northamptonshire (52.284, -0.898)
[90/310] OK   Bourne -> Lincolnshire (52.768, -0.377)
[91/310] OK   Bourne End -> Buckinghamshire (51.580, -0.712)
[92/310] OK   Bournemouth -> Bournemouth, Christchurch and Poole (50.720, -1.880)
[93/310] OK   Bourton -> Dorset (51.075, -2.325)
[94/310] OK   Bowthorpe -> Norfolk (52.637, 1.218)
[95/310] OK   Brackley -> West Northamptonshire (52.028, -1.148)
[96/310] OK   Bracknell -> Bracknell Forest (51.414, -0.745)
[97/310] OK   Bradford -> West Yorkshire (53.794, -1.752)
[98/310] OK   Bradford-On-Avon -> Wiltshire (51.347, -2.250)
[99/310] OK   Braintree -> Essex (51.919, 0.585)
[100/310] OK   Bramham -> West Yorkshire (53.881, -1.354)
[101/310] OK   Brampton -> Cumberland (54.942, -2.734)
[102/310] OK   Brasted -> Kent (51.261, 0.107)
[103/310] OK   Bredbury -> Greater Manchester (53.423, -2.110)
[104/310] OK   Brentwood -> Essex (51.620, 0.302)
[105/310] OK   Bridgnorth -> Shropshire (52.535, -2.419)
[106/310] OK   Bridgwater -> Somerset (51.128, -3.004)
[107/310] OK   Brierley Hill -> West Midlands (52.480, -2.125)
[108/310] OK   Brighton -> Brighton and Hove (50.821, -0.140)
[109/310] OK   Brill -> Buckinghamshire (51.827, -1.046)
[110/310] OK   Bristol -> City of Bristol (51.454, -2.597)
[111/310] OK   Broadbridge Heath -> West Sussex (51.071, -0.361)
[112/310] OK   Broadstairs -> Kent (51.359, 1.441)
[113/310] OK   Broadway -> Worcestershire (52.035, -1.862)
[114/310] OK   Brockenhurst -> Hampshire (50.819, -1.578)
[115/310] OK   Bromborough -> Liverpool City Region (53.333, -2.977)
[116/310] OK   Brookmans Park -> Hertfordshire (51.721, -0.205)
[117/310] OK   Broseley -> Shropshire (52.613, -2.483)
[118/310] OK   Brough -> Westmorland and Furness (54.527, -2.318)
[119/310] OK   Broxbourne -> Hertfordshire (51.747, -0.019)
[120/310] OK   Bruton -> Somerset (51.112, -2.453)
[121/310] OK   Buckingham -> Buckinghamshire (52.000, -0.988)
[122/310] OK   Bude -> Cornwall (50.829, -4.545)
[123/310] OK   Buntingford -> Hertfordshire (51.946, -0.009)
[124/310] OK   Burford -> Oxfordshire (51.808, -1.636)
[125/310] OK   Burgess Hill -> West Sussex (50.958, -0.133)
[126/310] OK   Burnham -> Buckinghamshire (51.536, -0.657)
[127/310] OK   Burnley -> Lancashire (53.791, -2.244)
[128/310] OK   Burton upon Trent -> Staffordshire (52.803, -1.630)
[129/310] OK   Burtonwood -> Warrington (53.431, -2.655)
[130/310] OK   Bury -> Suffolk (52.246, 0.713)
[131/310] OK   Bury St Edmunds -> Suffolk (52.246, 0.713)
[132/310] OK   Bushey -> Hertfordshire (51.644, -0.362)
[133/310] OK   Buxton -> Derbyshire (53.259, -1.910)
[134/310] OK   Byfleet -> Surrey (51.340, -0.473)
[135/310] OK   Caddington -> Central Bedfordshire (51.866, -0.456)
[136/310] OK   Callington -> Cornwall (50.505, -4.306)
[137/310] OK   Calne -> Wiltshire (51.439, -2.001)
[138/310] OK   Camberley -> Surrey (51.339, -0.746)
[139/310] OK   Camborne -> Cornwall (50.214, -5.299)
[140/310] OK   Cambridge -> Cambridgeshire (52.206, 0.119)
[141/310] OK   Camelford -> Cornwall (50.618, -4.694)
[142/310] OK   Camerton -> Cumberland (54.664, -3.495)
[143/310] OK   Cannock -> Staffordshire (52.688, -2.032)
[144/310] OK   Canterbury -> Kent (51.280, 1.080)
[145/310] OK   Canvey Island -> Essex (51.524, 0.608)
[146/310] OK   Capenhurst -> Cheshire West and Chester (53.255, -2.950)
[147/310] OK   Carlisle -> Cumberland (54.895, -2.936)
[148/310] OK   Castle Donington -> Leicestershire (52.841, -1.341)
[149/310] OK   Castleford -> West Yorkshire (53.726, -1.352)
[150/310] OK   Castleton -> Derbyshire (53.341, -1.787)
[151/310] OK   Caterham -> Surrey (51.282, -0.077)
[152/310] OK   Cawthorne -> South Yorkshire (53.568, -1.570)
[153/310] OK   Chalfont Saint Giles -> Buckinghamshire (51.632, -0.570)
[154/310] OK   Chalgrove -> Oxfordshire (51.672, -1.077)
[155/310] OK   Chandler's Ford -> Hampshire (50.983, -1.383)
[156/310] OK   Chapeltown -> South Yorkshire (53.462, -1.465)
[157/310] OK   Chard -> Somerset (50.874, -2.960)
[158/310] OK   Charing -> Kent (51.214, 0.789)
[159/310] OK   Charlwood -> Surrey (51.164, -0.221)
[160/310] OK   Chatham -> Medway (51.382, 0.527)
[161/310] OK   Chatteris -> Cambridgeshire (52.455, 0.050)
[162/310] OK   Darlington -> Darlington (54.524, -1.556)
[163/310] OK   Dartford -> Kent (51.444, 0.218)
[164/310] OK   Derby -> Derbyshire (52.923, -1.477)
[165/310] OK   Doncaster -> South Yorkshire (53.523, -1.134)
[166/310] OK   Dorchester -> Dorset (50.713, -2.437)
[167/310] OK   Dover -> Kent (51.125, 1.313)
[168/310] OK   Dudley -> West Midlands (52.511, -2.082)
[169/310] OK   Durham -> County Durham (54.667, -1.750)
[170/310] OK   Eastbourne -> East Sussex (50.766, 0.278)
[171/310] OK   Eastleigh -> Hampshire (50.957, -1.360)
[172/310] OK   Exeter -> Devon (50.726, -3.527)
[173/310] OK   Enfield -> Greater London (51.652, -0.081)
[174/310] OK   Epsom -> Surrey (51.333, -0.268)
[175/310] OK   Evesham -> Worcestershire (52.094, -1.948)
[176/310] OK   Fareham -> Hampshire (50.853, -1.178)
[177/310] OK   Farnborough -> Hampshire (51.292, -0.754)
[178/310] OK   Farnham -> Surrey (51.215, -0.798)
[179/310] OK   Felixstowe -> Suffolk (51.964, 1.329)
[180/310] OK   Fleetwood -> Lancashire (53.922, -3.033)
[181/310] OK   Folkestone -> Kent (51.079, 1.179)
[182/310] OK   Gateshead -> Tyne and Wear (54.963, -1.602)
[183/310] OK   Gillingham -> Medway (51.387, 0.546)
[184/310] OK   Gloucester -> Gloucestershire (51.865, -2.246)
[185/310] OK   Gosport -> Hampshire (50.795, -1.121)
[186/310] OK   Grantham -> Lincolnshire (52.913, -0.644)
[187/310] OK   Gravesend -> Kent (51.442, 0.369)
[188/310] OK   Grays -> Essex (51.478, 0.323)
[189/310] OK   Great Yarmouth -> Norfolk (52.607, 1.731)
[190/310] OK   Grimsby -> North East Lincolnshire (53.567, -0.079)
[191/310] OK   Guildford -> Surrey (51.236, -0.573)
[192/310] OK   Halifax -> West Yorkshire (53.723, -1.860)
[193/310] OK   Hamilton -> South Lanarkshire (55.776, -4.033)
[194/310] OK   Harlow -> Essex (51.769, 0.095)
[195/310] OK   Harrogate -> North Yorkshire (53.992, -1.539)
[196/310] OK   Hartlepool -> Hartlepool (54.686, -1.209)
[197/310] OK   Hastings -> East Sussex (50.855, 0.582)
[198/310] OK   Havant -> Hampshire (50.852, -0.982)
[199/310] OK   Hereford -> Herefordshire (52.055, -2.715)
[200/310] OK   High Wycombe -> Buckinghamshire (51.632, -0.756)
[201/310] OK   Hitchin -> Hertfordshire (51.949, -0.278)
[202/310] OK   Horsham -> West Sussex (51.063, -0.330)
[203/310] OK   Huddersfield -> West Yorkshire (53.647, -1.782)
[204/310] OK   Ilkeston -> Derbyshire (52.971, -1.309)
[205/310] OK   Ipswich -> Suffolk (52.058, 1.153)
[206/310] OK   Jarrow -> Tyne and Wear (54.981, -1.491)
[207/310] OK   Keighley -> West Yorkshire (53.868, -1.902)
[208/310] OK   Kendal -> Westmorland and Furness (54.328, -2.746)
[209/310] OK   Kettering -> North Northamptonshire (52.399, -0.728)
[210/310] OK   Kidderminster -> Worcestershire (52.388, -2.248)
[211/310] OK   Kings Lynn -> Norfolk (52.754, 0.395)
[212/310] OK   Kingston upon Hull -> Kingston upon Hull (53.762, -0.330)
[213/310] OK   Lancaster -> Lancashire (54.049, -2.801)
[214/310] OK   Leamington Spa -> Warwickshire (52.291, -1.536)
[215/310] OK   Leeds -> West Yorkshire (53.797, -1.544)
[216/310] OK   Leicester -> City of Leicester (52.636, -1.133)
[217/310] OK   Letchworth -> Hertfordshire (51.979, -0.229)
[218/310] OK   Lewes -> East Sussex (50.875, 0.005)
[219/310] OK   Lichfield -> Staffordshire (52.684, -1.828)
[220/310] OK   Lincoln -> Lincolnshire (53.229, -0.540)
[221/310] OK   Liverpool -> Liverpool City Region (53.393, -2.917)
[222/310] OK   Loughborough -> Leicestershire (52.772, -1.208)
[223/310] OK   Louth -> Lincolnshire (53.366, -0.005)
[224/310] OK   Lowestoft -> Suffolk (52.477, 1.754)
[225/310] OK   Luton -> Borough of Luton (51.891, -0.423)
[226/310] OK   Maidstone -> Kent (51.275, 0.523)
[227/310] OK   Manchester -> Greater Manchester (53.479, -2.245)
[228/310] OK   Mansfield -> Nottinghamshire (53.144, -1.196)
[229/310] OK   Margate -> Kent (51.388, 1.382)
[230/310] OK   Matlock -> Derbyshire (53.137, -1.554)
[231/310] OK   Middlesbrough -> Middlesbrough (54.576, -1.234)
[232/310] OK   Milton Keynes -> City of Milton Keynes (52.041, -0.759)
[233/310] OK   Morley -> West Yorkshire (53.744, -1.599)
[234/310] OK   Newark -> Nottinghamshire (53.074, -0.801)
[235/310] OK   Newbury -> West Berkshire (51.402, -1.324)
[236/310] OK   Newcastle upon Tyne -> Tyne and Wear (54.974, -1.613)
[237/310] OK   Newport -> Newport (51.588, -2.997)
[238/310] OK   Northampton -> West Northamptonshire (52.234, -0.903)
[239/310] OK   Norwich -> Norfolk (52.629, 1.292)
[240/310] OK   Nottingham -> Nottinghamshire (52.953, -1.150)
[241/310] OK   Nuneaton -> Warwickshire (52.523, -1.468)
[242/310] OK   Oldham -> Greater Manchester (53.542, -2.115)
[243/310] OK   Oswestry -> Shropshire (52.860, -3.055)
[244/310] OK   Oxford -> Oxfordshire (51.752, -1.258)
[245/310] OK   Peterborough -> Cambridgeshire (52.573, -0.243)
[246/310] OK   Plymouth -> Plymouth (50.371, -4.142)
[247/310] OK   Pontefract -> West Yorkshire (53.692, -1.311)
[248/310] OK   Poole -> Bournemouth, Christchurch and Poole (50.718, -1.982)
[249/310] OK   Portsmouth -> Portsmouth (50.800, -1.091)
[250/310] OK   Preston -> Lancashire (53.759, -2.699)
[251/310] OK   Quedgeley -> Gloucestershire (51.827, -2.277)
[252/310] OK   Ramsgate -> Kent (51.333, 1.420)
[253/310] OK   Reading -> England (51.456, -0.970)
[254/310] OK   Redditch -> Worcestershire (52.306, -1.942)
[255/310] OK   Retford -> Nottinghamshire (53.323, -0.942)
[256/310] OK   Rochdale -> Greater Manchester (53.615, -2.156)
[257/310] OK   Rochester -> Kent (51.388, 0.505)
[258/310] OK   Rotherham -> South Yorkshire (53.431, -1.355)
[259/310] OK   Royal Tunbridge Wells -> Kent (51.137, 0.267)
[260/310] OK   Rugby -> Warwickshire (52.373, -1.262)
[261/310] OK   Runcorn -> Halton (53.342, -2.733)
[262/310] OK   Salford -> Greater Manchester (53.488, -2.289)
[263/310] OK   Salisbury -> Wiltshire (51.069, -1.795)
[264/310] OK   Scarborough -> North Yorkshire (54.282, -0.401)
[265/310] OK   Scunthorpe -> North Lincolnshire (53.592, -0.645)
[266/310] OK   Sheffield -> South Yorkshire (53.381, -1.470)
[267/310] OK   Shrewsbury -> Shropshire (52.708, -2.754)
[268/310] OK   Slough -> England (51.511, -0.594)
[269/310] OK   Southampton -> Southampton (50.903, -1.404)
[270/310] OK   Southend-on-Sea -> Essex (51.539, 0.713)
[271/310] OK   Southport -> Liverpool City Region (53.649, -3.004)
[272/310] OK   St Albans -> Hertfordshire (51.753, -0.338)
[273/310] OK   St Helens -> Liverpool City Region (53.454, -2.734)
[274/310] OK   Stafford -> Staffordshire (52.807, -2.117)
[275/310] OK   Stevenage -> Hertfordshire (51.902, -0.203)
[276/310] OK   Stockport -> Greater Manchester (53.408, -2.160)
[277/310] OK   Stoke-on-Trent -> Stoke-on-Trent (53.026, -2.175)
[278/310] OK   Sunderland -> North East (54.906, -1.383)
[279/310] OK   Swindon -> Swindon (51.562, -1.785)
[280/310] OK   Tamworth -> Staffordshire (52.634, -1.695)
[281/310] OK   Taunton -> Somerset (51.015, -3.103)
[282/310] OK   Telford -> Telford and Wrekin (52.678, -2.451)
[283/310] OK   Tewkesbury -> Gloucestershire (51.994, -2.155)
[284/310] OK   Torquay -> Torbay (50.462, -3.525)
[285/310] OK   Truro -> Cornwall (50.263, -5.052)
[286/310] OK   Uttoxeter -> Staffordshire (52.898, -1.864)
[287/310] OK   Ventnor -> Isle of Wight (50.595, -1.203)
[288/310] OK   Wakefield -> West Yorkshire (53.683, -1.497)
[289/310] OK   Walsall -> West Midlands (52.585, -1.982)
[290/310] OK   Warrington -> Warrington (53.402, -2.568)
[291/310] OK   Warwick -> Warwickshire (52.281, -1.582)
[292/310] OK   Watford -> Hertfordshire (51.655, -0.396)
[293/310] OK   Wellingborough -> North Northamptonshire (52.302, -0.694)
[294/310] OK   West Bromwich -> West Midlands (52.519, -1.992)
[295/310] OK   Weston-super-Mare -> North Somerset (51.347, -2.978)
[296/310] OK   Whitby -> North Yorkshire (54.487, -0.616)
[297/310] OK   Widnes -> Halton (53.365, -2.728)
[298/310] OK   Wigan -> Greater Manchester (53.546, -2.626)
[299/310] OK   Winchester -> Hampshire (51.061, -1.313)
[300/310] OK   Windsor -> Royal Borough of Windsor and Maidenhead (51.484, -0.604)
[301/310] OK   Wirral -> Liverpool City Region (53.341, -3.050)
[302/310] OK   Woking -> Surrey (51.320, -0.556)
[303/310] OK   Wolverhampton -> West Midlands (52.585, -2.128)
[304/310] OK   Worcester -> Worcestershire (52.191, -2.221)
[305/310] OK   Worthing -> West Sussex (50.812, -0.370)
[306/310] OK   Yeovil -> Somerset (50.942, -2.632)
[307/310] OK   York -> York (53.966, -1.074)
[308/310] OK   Cheadle Hulme -> Greater Manchester (53.371, -2.193)
[309/310] OK   Glasgow -> Glasgow City (55.861, -4.250)
[310/310] OK   Chelmsford -> Essex (51.735, 0.473)
Done. Updated: 310/310. Failures: 0. See scripts/backfill-failures.json
